<?xml version="1.0" encoding="UTF-8"?>
<!-- Generated by org.testng.reporters.JUnitReportReporter -->
<testsuite skipped="0" hostname="PRABHAT-PC" name="oracle.assignment.test.OracleAssignment" tests="2" failures="0" timestamp="2020-11-23T16:11:26 IST" time="6.892" errors="0">
  <testcase name="verifyHeaderLayout" time="2.566" classname="oracle.assignment.test.OracleAssignment"/>
  <system-out/>
  <testcase name="verifyFooterLayout" time="4.326" classname="oracle.assignment.test.OracleAssignment"/>
  <system-out/>
</testsuite> <!-- oracle.assignment.test.OracleAssignment -->
