<?xml version="1.0" encoding="UTF-8"?>
<!-- Generated by org.testng.reporters.JUnitReportReporter -->
<testsuite skipped="0" hostname="PRABHAT-PC" name="oracle.assignment.test.SampleTest" tests="2" failures="0" timestamp="2020-11-20T09:51:02 IST" time="0.015" errors="0">
  <testcase name="testCase1" time="0.013" classname="oracle.assignment.test.SampleTest"/>
  <system-out/>
  <testcase name="testCase2" time="0.002" classname="oracle.assignment.test.SampleTest"/>
  <system-out/>
</testsuite> <!-- oracle.assignment.test.SampleTest -->
